MyApplicationTT/app/build/intermediates/manifest_merge_blame_file/debug/processDebugMainManifest/manifest-merger-blame-debug-report.txt
1<?xml version="1.0" encoding="utf-8"?>
2<manifest xmlns:android="http://schemas.android.com/apk/res/android"
3    package="com.example.myapplicationtt"
4    android:versionCode="1"
5    android:versionName="1.0" >
6
7    <uses-sdk
8        android:minSdkVersion="26"
9        android:targetSdkVersion="36" />
10    <!-- Camera is optional -->
11    <uses-feature
11-->src\main\AndroidManifest.xml:5:5-7:36
12        android:name="android.hardware.camera"
12-->src\main\AndroidManifest.xml:6:9-47
13        android:required="false" /> <!-- Permissions -->
13-->src\main\AndroidManifest.xml:7:9-33
14    <uses-permission android:name="android.permission.CAMERA" /> <!-- For Android 13+ -->
14-->src\main\AndroidManifest.xml:8:5-65
14-->src\main\AndroidManifest.xml:8:22-62
15    <uses-permission android:name="android.permission.READ_MEDIA_IMAGES" /> <!-- For Android 12 and below -->
15-->src\main\AndroidManifest.xml:9:5-11:46
15-->src\main\AndroidManifest.xml:10:9-60
16    <uses-permission
16-->src\main\AndroidManifest.xml:12:5-14:38
17        android:name="android.permission.READ_EXTERNAL_STORAGE"
17-->src\main\AndroidManifest.xml:13:9-64
18        android:maxSdkVersion="32" />
18-->src\main\AndroidManifest.xml:14:9-35
19
20    <permission
20-->[androidx.core:core:1.16.0] AndroidManifest.xml:22:5-24:47
21        android:name="com.example.myapplicationtt.DYNAMIC_RECEIVER_NOT_EXPORTED_PERMISSION"
21-->[androidx.core:core:1.16.0] AndroidManifest.xml:23:9-81
22        android:protectionLevel="signature" />
22-->[androidx.core:core:1.16.0] AndroidManifest.xml:24:9-44
23
24    <uses-permission android:name="com.example.myapplicationtt.DYNAMIC_RECEIVER_NOT_EXPORTED_PERMISSION" />
24-->[androidx.core:core:1.16.0] AndroidManifest.xml:26:5-97
24-->[androidx.core:core:1.16.0] AndroidManifest.xml:26:22-94
25
26    <application
26-->src\main\AndroidManifest.xml:16:5-91:19
27        android:allowBackup="true"
27-->src\main\AndroidManifest.xml:17:9-35
28        android:appComponentFactory="androidx.core.app.CoreComponentFactory"
28-->[androidx.core:core:1.16.0] AndroidManifest.xml:28:18-86
29        android:dataExtractionRules="@xml/data_extraction_rules"
29-->src\main\AndroidManifest.xml:18:9-65
30        android:debuggable="true"
31        android:extractNativeLibs="false"
32        android:fullBackupContent="@xml/backup_rules"
32-->src\main\AndroidManifest.xml:19:9-54
33        android:icon="@mipmap/ic_launcher"
33-->src\main\AndroidManifest.xml:20:9-43
34        android:label="@string/app_name"
34-->src\main\AndroidManifest.xml:21:9-41
35        android:roundIcon="@mipmap/ic_launcher_round"
35-->src\main\AndroidManifest.xml:22:9-54
36        android:supportsRtl="true"
36-->src\main\AndroidManifest.xml:23:9-35
37        android:testOnly="true"
38        android:theme="@style/Theme.MyApplicationTT" >
38-->src\main\AndroidManifest.xml:24:9-53
39        <activity
39-->src\main\AndroidManifest.xml:25:9-27:40
40            android:name="com.example.myapplicationtt.testActivity.UserListActivity"
40-->src\main\AndroidManifest.xml:26:13-58
41            android:exported="false" />
41-->src\main\AndroidManifest.xml:27:13-37
42        <activity
42-->src\main\AndroidManifest.xml:28:9-30:40
43            android:name="com.example.myapplicationtt.MainActivity"
43-->src\main\AndroidManifest.xml:29:13-41
44            android:exported="false" />
44-->src\main\AndroidManifest.xml:30:13-37
45        <activity
45-->src\main\AndroidManifest.xml:31:9-33:40
46            android:name="com.example.myapplicationtt.testActivity.FormActivityUpdated"
46-->src\main\AndroidManifest.xml:32:13-61
47            android:exported="false" />
47-->src\main\AndroidManifest.xml:33:13-37
48        <activity
48-->src\main\AndroidManifest.xml:34:9-36:40
49            android:name="com.example.myapplicationtt.testActivity.TestFormActivity"
49-->src\main\AndroidManifest.xml:35:13-58
50            android:exported="false" />
50-->src\main\AndroidManifest.xml:36:13-37
51        <activity
51-->src\main\AndroidManifest.xml:37:9-39:40
52            android:name="com.example.myapplicationtt.testActivity.TostExampleActivity"
52-->src\main\AndroidManifest.xml:38:13-61
53            android:exported="false" />
53-->src\main\AndroidManifest.xml:39:13-37
54        <activity
54-->src\main\AndroidManifest.xml:40:9-42:40
55            android:name="com.example.myapplicationtt.testActivity.TestActivity"
55-->src\main\AndroidManifest.xml:41:13-54
56            android:exported="false" />
56-->src\main\AndroidManifest.xml:42:13-37
57        <activity
57-->src\main\AndroidManifest.xml:43:9-45:40
58            android:name="com.example.myapplicationtt.layouts2.TableActivity"
58-->src\main\AndroidManifest.xml:44:13-51
59            android:exported="false" />
59-->src\main\AndroidManifest.xml:45:13-37
60        <activity
60-->src\main\AndroidManifest.xml:46:9-48:40
61            android:name="com.example.myapplicationtt.layouts2.GridActivity2"
61-->src\main\AndroidManifest.xml:47:13-51
62            android:exported="false" />
62-->src\main\AndroidManifest.xml:48:13-37
63        <activity
63-->src\main\AndroidManifest.xml:49:9-51:40
64            android:name="com.example.myapplicationtt.layouts2.ProfileActivity2"
64-->src\main\AndroidManifest.xml:50:13-54
65            android:exported="false" />
65-->src\main\AndroidManifest.xml:51:13-37
66        <activity
66-->src\main\AndroidManifest.xml:52:9-54:40
67            android:name="com.example.myapplicationtt.layouts2.ScrollActivity2"
67-->src\main\AndroidManifest.xml:53:13-53
68            android:exported="false" />
68-->src\main\AndroidManifest.xml:54:13-37
69        <activity
69-->src\main\AndroidManifest.xml:55:9-57:40
70            android:name="com.example.myapplicationtt.layouts2.FormActivity2"
70-->src\main\AndroidManifest.xml:56:13-51
71            android:exported="false" />
71-->src\main\AndroidManifest.xml:57:13-37
72        <activity
72-->src\main\AndroidManifest.xml:58:9-60:40
73            android:name="com.example.myapplicationtt.layouts.HomeActivity"
73-->src\main\AndroidManifest.xml:59:13-49
74            android:exported="false" />
74-->src\main\AndroidManifest.xml:60:13-37
75        <activity
75-->src\main\AndroidManifest.xml:61:9-63:40
76            android:name="com.example.myapplicationtt.layouts2.BaseActivity"
76-->src\main\AndroidManifest.xml:62:13-50
77            android:exported="false" />
77-->src\main\AndroidManifest.xml:63:13-37
78        <activity
78-->src\main\AndroidManifest.xml:64:9-66:40
79            android:name="com.example.myapplicationtt.layouts.ProfileActivity"
79-->src\main\AndroidManifest.xml:65:13-52
80            android:exported="false" />
80-->src\main\AndroidManifest.xml:66:13-37
81        <activity
81-->src\main\AndroidManifest.xml:67:9-69:40
82            android:name="com.example.myapplicationtt.layouts.ScrollActivity"
82-->src\main\AndroidManifest.xml:68:13-51
83            android:exported="false" />
83-->src\main\AndroidManifest.xml:69:13-37
84        <activity
84-->src\main\AndroidManifest.xml:70:9-72:40
85            android:name="com.example.myapplicationtt.layouts.FormActivity"
85-->src\main\AndroidManifest.xml:71:13-49
86            android:exported="false" />
86-->src\main\AndroidManifest.xml:72:13-37
87        <activity
87-->src\main\AndroidManifest.xml:73:9-75:40
88            android:name="com.example.myapplicationtt.layouts2.HomeActivity2"
88-->src\main\AndroidManifest.xml:74:13-51
89            android:exported="false" />
89-->src\main\AndroidManifest.xml:75:13-37
90        <activity
90-->src\main\AndroidManifest.xml:76:9-78:40
91            android:name="com.example.myapplicationtt.layouts.RelativeLayout"
91-->src\main\AndroidManifest.xml:77:13-51
92            android:exported="false" />
92-->src\main\AndroidManifest.xml:78:13-37
93        <activity
93-->src\main\AndroidManifest.xml:79:9-81:40
94            android:name="com.example.myapplicationtt.layouts.LinearActivity"
94-->src\main\AndroidManifest.xml:80:13-51
95            android:exported="false" />
95-->src\main\AndroidManifest.xml:81:13-37
96        <activity
96-->src\main\AndroidManifest.xml:82:9-90:20
97            android:name="com.example.myapplicationtt.testActivity.LoginActivity"
97-->src\main\AndroidManifest.xml:83:13-55
98            android:exported="true" >
98-->src\main\AndroidManifest.xml:84:13-36
99            <intent-filter>
99-->src\main\AndroidManifest.xml:85:13-89:29
100                <action android:name="android.intent.action.MAIN" />
100-->src\main\AndroidManifest.xml:86:17-69
100-->src\main\AndroidManifest.xml:86:25-66
101
102                <category android:name="android.intent.category.LAUNCHER" />
102-->src\main\AndroidManifest.xml:88:17-77
102-->src\main\AndroidManifest.xml:88:27-74
103            </intent-filter>
104        </activity>
105
106        <provider
106-->[androidx.emoji2:emoji2:1.3.0] AndroidManifest.xml:24:9-32:20
107            android:name="androidx.startup.InitializationProvider"
107-->[androidx.emoji2:emoji2:1.3.0] AndroidManifest.xml:25:13-67
108            android:authorities="com.example.myapplicationtt.androidx-startup"
108-->[androidx.emoji2:emoji2:1.3.0] AndroidManifest.xml:26:13-68
109            android:exported="false" >
109-->[androidx.emoji2:emoji2:1.3.0] AndroidManifest.xml:27:13-37
110            <meta-data
110-->[androidx.emoji2:emoji2:1.3.0] AndroidManifest.xml:29:13-31:52
111                android:name="androidx.emoji2.text.EmojiCompatInitializer"
111-->[androidx.emoji2:emoji2:1.3.0] AndroidManifest.xml:30:17-75
112                android:value="androidx.startup" />
112-->[androidx.emoji2:emoji2:1.3.0] AndroidManifest.xml:31:17-49
113            <meta-data
113-->[androidx.lifecycle:lifecycle-process:2.6.2] AndroidManifest.xml:29:13-31:52
114                android:name="androidx.lifecycle.ProcessLifecycleInitializer"
114-->[androidx.lifecycle:lifecycle-process:2.6.2] AndroidManifest.xml:30:17-78
115                android:value="androidx.startup" />
115-->[androidx.lifecycle:lifecycle-process:2.6.2] AndroidManifest.xml:31:17-49
116            <meta-data
116-->[androidx.profileinstaller:profileinstaller:1.4.0] AndroidManifest.xml:29:13-31:52
117                android:name="androidx.profileinstaller.ProfileInstallerInitializer"
117-->[androidx.profileinstaller:profileinstaller:1.4.0] AndroidManifest.xml:30:17-85
118                android:value="androidx.startup" />
118-->[androidx.profileinstaller:profileinstaller:1.4.0] AndroidManifest.xml:31:17-49
119        </provider>
120
121        <receiver
121-->[androidx.profileinstaller:profileinstaller:1.4.0] AndroidManifest.xml:34:9-52:20
122            android:name="androidx.profileinstaller.ProfileInstallReceiver"
122-->[androidx.profileinstaller:profileinstaller:1.4.0] AndroidManifest.xml:35:13-76
123            android:directBootAware="false"
123-->[androidx.profileinstaller:profileinstaller:1.4.0] AndroidManifest.xml:36:13-44
124            android:enabled="true"
124-->[androidx.profileinstaller:profileinstaller:1.4.0] AndroidManifest.xml:37:13-35
125            android:exported="true"
125-->[androidx.profileinstaller:profileinstaller:1.4.0] AndroidManifest.xml:38:13-36
126            android:permission="android.permission.DUMP" >
126-->[androidx.profileinstaller:profileinstaller:1.4.0] AndroidManifest.xml:39:13-57
127            <intent-filter>
127-->[androidx.profileinstaller:profileinstaller:1.4.0] AndroidManifest.xml:40:13-42:29
128                <action android:name="androidx.profileinstaller.action.INSTALL_PROFILE" />
128-->[androidx.profileinstaller:profileinstaller:1.4.0] AndroidManifest.xml:41:17-91
128-->[androidx.profileinstaller:profileinstaller:1.4.0] AndroidManifest.xml:41:25-88
129            </intent-filter>
130            <intent-filter>
130-->[androidx.profileinstaller:profileinstaller:1.4.0] AndroidManifest.xml:43:13-45:29
131                <action android:name="androidx.profileinstaller.action.SKIP_FILE" />
131-->[androidx.profileinstaller:profileinstaller:1.4.0] AndroidManifest.xml:44:17-85
131-->[androidx.profileinstaller:profileinstaller:1.4.0] AndroidManifest.xml:44:25-82
132            </intent-filter>
133            <intent-filter>
133-->[androidx.profileinstaller:profileinstaller:1.4.0] AndroidManifest.xml:46:13-48:29
134                <action android:name="androidx.profileinstaller.action.SAVE_PROFILE" />
134-->[androidx.profileinstaller:profileinstaller:1.4.0] AndroidManifest.xml:47:17-88
134-->[androidx.profileinstaller:profileinstaller:1.4.0] AndroidManifest.xml:47:25-85
135            </intent-filter>
136            <intent-filter>
136-->[androidx.profileinstaller:profileinstaller:1.4.0] AndroidManifest.xml:49:13-51:29
137                <action android:name="androidx.profileinstaller.action.BENCHMARK_OPERATION" />
137-->[androidx.profileinstaller:profileinstaller:1.4.0] AndroidManifest.xml:50:17-95
137-->[androidx.profileinstaller:profileinstaller:1.4.0] AndroidManifest.xml:50:25-92
138            </intent-filter>
139        </receiver>
140    </application>
141
142</manifest>